# JRE version: Java(TM) SE Runtime Environment 18.9 (11.0.16+11) (build 11.0.16+11-LTS-199)
# Java VM: Java HotSpot(TM) 64-Bit Server VM 18.9 (11.0.16+11-LTS-199, mixed mode, tiered, compressed oops, g1 gc, windows-amd64)
Heap:
 garbage-first heap   total 206848K, used 169061K [0x00000000a1c00000, 0x0000000100000000)
  region size 1024K, 70 young (71680K), 1 survivors (1024K)
 Metaspace       used 96599K, capacity 99107K, committed 99328K, reserved 1136640K
  class space    used 10438K, capacity 11476K, committed 11520K, reserved 1048576K
GC Heap History (10 events):
Event: 181653.177 GC heap before
{Heap before GC invocations=247 (full 0):
 garbage-first heap   total 206848K, used 181415K [0x00000000a1c00000, 0x0000000100000000)
  region size 1024K, 82 young (83968K), 2 survivors (2048K)
 Metaspace       used 96426K, capacity 98950K, committed 99328K, reserved 1136640K
  class space    used 10412K, capacity 11442K, committed 11520K, reserved 1048576K
}
Event: 181653.179 GC heap after
{Heap after GC invocations=248 (full 0):
 garbage-first heap   total 206848K, used 99501K [0x00000000a1c00000, 0x0000000100000000)
  region size 1024K, 2 young (2048K), 2 survivors (2048K)
 Metaspace       used 96426K, capacity 98950K, committed 99328K, reserved 1136640K
  class space    used 10412K, capacity 11442K, committed 11520K, reserved 1048576K
}
Event: 181671.276 GC heap before
{Heap before GC invocations=248 (full 0):
 garbage-first heap   total 206848K, used 181421K [0x00000000a1c00000, 0x0000000100000000)
  region size 1024K, 82 young (83968K), 2 survivors (2048K)
 Metaspace       used 96426K, capacity 98950K, committed 99328K, reserved 1136640K
  class space    used 10412K, capacity 11442K, committed 11520K, reserved 1048576K
}
Event: 181671.280 GC heap after
{Heap after GC invocations=249 (full 0):
 garbage-first heap   total 206848K, used 99454K [0x00000000a1c00000, 0x0000000100000000)
  region size 1024K, 1 young (1024K), 1 survivors (1024K)
 Metaspace       used 96426K, capacity 98950K, committed 99328K, reserved 1136640K
  class space    used 10412K, capacity 11442K, committed 11520K, reserved 1048576K
}
Event: 183340.374 GC heap before
{Heap before GC invocations=250 (full 0):
 garbage-first heap   total 206848K, used 182398K [0x00000000a1c00000, 0x0000000100000000)
  region size 1024K, 82 young (83968K), 1 survivors (1024K)
 Metaspace       used 96438K, capacity 98968K, committed 99328K, reserved 1136640K
  class space    used 10413K, capacity 11445K, committed 11520K, reserved 1048576K
}
Event: 183340.420 GC heap after
{Heap after GC invocations=251 (full 0):
 garbage-first heap   total 206848K, used 99535K [0x00000000a1c00000, 0x0000000100000000)
  region size 1024K, 2 young (2048K), 2 survivors (2048K)
 Metaspace       used 96438K, capacity 98968K, committed 99328K, reserved 1136640K
  class space    used 10413K, capacity 11445K, committed 11520K, reserved 1048576K
}
Event: 183358.728 GC heap before
{Heap before GC invocations=251 (full 0):
 garbage-first heap   total 206848K, used 181455K [0x00000000a1c00000, 0x0000000100000000)
  region size 1024K, 82 young (83968K), 2 survivors (2048K)
 Metaspace       used 96438K, capacity 98968K, committed 99328K, reserved 1136640K
  class space    used 10413K, capacity 11445K, committed 11520K, reserved 1048576K
}
Event: 183358.787 GC heap after
{Heap after GC invocations=252 (full 0):
 garbage-first heap   total 206848K, used 99449K [0x00000000a1c00000, 0x0000000100000000)
  region size 1024K, 1 young (1024K), 1 survivors (1024K)
 Metaspace       used 96438K, capacity 98968K, committed 99328K, reserved 1136640K
  class space    used 10413K, capacity 11445K, committed 11520K, reserved 1048576K
}
Event: 183379.084 GC heap before
{Heap before GC invocations=253 (full 0):
 garbage-first heap   total 206848K, used 182393K [0x00000000a1c00000, 0x0000000100000000)
  region size 1024K, 82 young (83968K), 1 survivors (1024K)
 Metaspace       used 96413K, capacity 98932K, committed 99328K, reserved 1136640K
  class space    used 10410K, capacity 11439K, committed 11520K, reserved 1048576K
}
Event: 183379.088 GC heap after
{Heap after GC invocations=254 (full 0):
 garbage-first heap   total 206848K, used 99429K [0x00000000a1c00000, 0x0000000100000000)
  region size 1024K, 1 young (1024K), 1 survivors (1024K)
 Metaspace       used 96413K, capacity 98932K, committed 99328K, reserved 1136640K
  class space    used 10410K, capacity 11439K, committed 11520K, reserved 1048576K
}

